Arguments: 
  /usr/local/Cellar/node/14.5.0/bin/node /usr/local/Cellar/yarn/1.22.4/libexec/bin/yarn.js install

PATH: 
  /Users/hasstrupezekiel/.rvm/gems/ruby-2.5.1/bin:/Users/hasstrupezekiel/.rvm/gems/ruby-2.5.1@global/bin:/Users/hasstrupezekiel/.rvm/rubies/ruby-2.5.1/bin:/usr/local/bin:/usr/bin:/bin:/usr/sbin:/sbin:/usr/local/go/bin:/Library/Apple/usr/bin:/Users/hasstrupezekiel/.rvm/gems/ruby-2.5.1/bin:/Users/hasstrupezekiel/.rvm/gems/ruby-2.5.1@global/bin:/Users/hasstrupezekiel/.rvm/rubies/ruby-2.5.1/bin:/Users/hasstrupezekiel/Library/Python/2.7/bin:/desktop/projects/goworkspace/bin/golint:/Users/hasstrupezekiel/.rvm/bin:/Users/hasstrupezekiel/Library/Python/2.7/bin:/usr/local/go/bin:/desktop/projects/goworkspace/bin/golint

Yarn version: 
  1.22.4

Node version: 
  14.5.0

Platform: 
  darwin x64

Trace: 
  SyntaxError: /Users/hasstrupezekiel/Desktop/projects/pierre/server/package.json: Unexpected token } in JSON at position 1303
      at JSON.parse (<anonymous>)
      at /usr/local/Cellar/yarn/1.22.4/libexec/lib/cli.js:1625:59
      at Generator.next (<anonymous>)
      at step (/usr/local/Cellar/yarn/1.22.4/libexec/lib/cli.js:310:30)
      at /usr/local/Cellar/yarn/1.22.4/libexec/lib/cli.js:321:13

npm manifest: 
  {
    "name": "y",
    "version": "1.0.0",
    "description": "",
    "main": "index.js",
    "author": "",
    "license": "ISC",
    "scripts": {
      "build": "tsc",
      "clean": "rimraf dist/*",
      "dev:start": "ts-node -r tsconfig-paths/register src/server",
      "dev": "nodemon",
      "lint": "tslint -c tslint.yml -p tsconfig.json --fix",
      "prebuild": "npm run clean && npm run lint",
      "start": "node dist/server",
      "test": "jest --detectOpenHandles --colors"
    },
    "dependencies": {
      "@types/chai": "^4.2.11",
      "@types/jest": "^25.2.3",
      "@types/mocha": "^7.0.2",
      "class-validator": "^0.12.2",
      "cors": "^2.8.5",
      "dotenv": "^8.2.0",
      "express": "^4.17.1",
      "jest": "^26.0.1",
      "js-yaml-loader": "^1.2.2",
      "pino": "^6.2.1",
      "ts-jest": "^26.0.0",
      "yaml": "^1.9.2"
    },
    "devDependencies": {
      "@types/dotenv": "^8.2.0",
      "@types/express": "^4.17.6",
      "@types/nodemon": "^1.19.0",
      "@types/pino": "^6.0.0",
      "chai": "^4.2.0",
      "mocha": "^7.1.2",
      "nodemon": "^2.0.3",
      "pino-pretty": "^4.0.0",
      "prettier": "^2.0.5",
      "rimraf": "^3.0.2",
      "ts-node": "^8.9.0",
      "tsconfig-paths": "^3.9.0",
      "tslint": "^6.1.1",
      "tslint-config-prettier": "^1.18.0",
      "tslint-plugin-prettier": "^2.3.0",
      "typescript": "^3.8.3"
    },
  
  }

yarn manifest: 
  No manifest

Lockfile: 
  No lockfile
